  Camera.cpp
  EBO.cpp
  main.cpp
C:\Program Files (x86)\Windows Kits\10\Include\10.0.19041.0\shared\minwindef.h(130,1): warning C4005: 'APIENTRY': macro redefinition
D:\Dev\gtxdank\GTXDankEngine\Libraries\include\glad\glad.h(32): message : see previous definition of 'APIENTRY'
  Mesh.cpp
  Model.cpp
D:\Dev\gtxdank\GTXDankEngine\Source\Model.cpp(254,20): warning C4018: '<': signed/unsigned mismatch
D:\Dev\gtxdank\GTXDankEngine\Source\Model.cpp(268,20): warning C4018: '<': signed/unsigned mismatch
D:\Dev\gtxdank\GTXDankEngine\Source\Model.cpp(275,20): warning C4018: '<': signed/unsigned mismatch
D:\Dev\gtxdank\GTXDankEngine\Source\Model.cpp(283,20): warning C4018: '<': signed/unsigned mismatch
  Shader.cpp
D:\Dev\gtxdank\GTXDankEngine\Source\Shader.cpp(9,27): warning C4244: 'argument': conversion from 'std::streamoff' to 'const unsigned int', possible loss of data
  stb.cpp
  Texture.cpp
  Log.cpp
  VAO.cpp
  VBO.cpp
  Generating Code...
  glad.c
Camera.obj : error LNK2019: unresolved external symbol _glfwSetInputMode referenced in function "public: void __thiscall Camera::Inputs(struct GLFWwindow *)" (?Inputs@Camera@@QAEXPAUGLFWwindow@@@Z)
Camera.obj : error LNK2019: unresolved external symbol _glfwGetKey referenced in function "public: void __thiscall Camera::Inputs(struct GLFWwindow *)" (?Inputs@Camera@@QAEXPAUGLFWwindow@@@Z)
Camera.obj : error LNK2019: unresolved external symbol _glfwGetMouseButton referenced in function "public: void __thiscall Camera::Inputs(struct GLFWwindow *)" (?Inputs@Camera@@QAEXPAUGLFWwindow@@@Z)
Camera.obj : error LNK2019: unresolved external symbol _glfwGetCursorPos referenced in function "public: void __thiscall Camera::Inputs(struct GLFWwindow *)" (?Inputs@Camera@@QAEXPAUGLFWwindow@@@Z)
Camera.obj : error LNK2019: unresolved external symbol _glfwSetCursorPos referenced in function "public: void __thiscall Camera::Inputs(struct GLFWwindow *)" (?Inputs@Camera@@QAEXPAUGLFWwindow@@@Z)
main.obj : error LNK2019: unresolved external symbol _glfwInit referenced in function _main
main.obj : error LNK2019: unresolved external symbol _glfwTerminate referenced in function _main
main.obj : error LNK2019: unresolved external symbol _glfwWindowHint referenced in function _main
main.obj : error LNK2019: unresolved external symbol _glfwCreateWindow referenced in function _main
main.obj : error LNK2019: unresolved external symbol _glfwDestroyWindow referenced in function _main
main.obj : error LNK2019: unresolved external symbol _glfwWindowShouldClose referenced in function _main
main.obj : error LNK2019: unresolved external symbol _glfwPollEvents referenced in function _main
main.obj : error LNK2019: unresolved external symbol _glfwMakeContextCurrent referenced in function _main
main.obj : error LNK2019: unresolved external symbol _glfwSwapBuffers referenced in function _main
..\GTXDankEngine\Libraries\lib\glfw3.lib : warning LNK4272: library machine type 'x64' conflicts with target machine type 'x86'
D:\Dev\gtxdank\GTXDankEngine\Debug\GTXDankEngine.exe : fatal error LNK1120: 14 unresolved externals
