  Camera.cpp
  EBO.cpp
  main.cpp
C:\Program Files (x86)\Windows Kits\10\Include\10.0.19041.0\shared\minwindef.h(130,1): warning C4005: 'APIENTRY': macro redefinition
D:\Dev\gtxdank\GTXDankEngine\Libraries\include\glad\glad.h(32): message : see previous definition of 'APIENTRY'
  Mesh.cpp
  Model.cpp
D:\Dev\gtxdank\GTXDankEngine\Source\Model.cpp(254,20): warning C4018: '<': signed/unsigned mismatch
D:\Dev\gtxdank\GTXDankEngine\Source\Model.cpp(268,20): warning C4018: '<': signed/unsigned mismatch
D:\Dev\gtxdank\GTXDankEngine\Source\Model.cpp(275,20): warning C4018: '<': signed/unsigned mismatch
D:\Dev\gtxdank\GTXDankEngine\Source\Model.cpp(283,20): warning C4018: '<': signed/unsigned mismatch
  Shader.cpp
D:\Dev\gtxdank\GTXDankEngine\Source\Shader.cpp(9,27): warning C4244: 'argument': conversion from 'std::streamoff' to 'const unsigned int', possible loss of data
  stb.cpp
  Texture.cpp
  Log.cpp
  VAO.cpp
  VBO.cpp
  glad.c
Camera.obj : error LNK2001: unresolved external symbol _glfwGetKey
Camera.obj : error LNK2001: unresolved external symbol _glfwGetMouseButton
Camera.obj : error LNK2001: unresolved external symbol _glfwSetInputMode
Camera.obj : error LNK2001: unresolved external symbol _glfwSetCursorPos
Camera.obj : error LNK2001: unresolved external symbol _glfwGetCursorPos
main.obj : error LNK2001: unresolved external symbol _glfwSwapBuffers
main.obj : error LNK2001: unresolved external symbol _glfwTerminate
main.obj : error LNK2001: unresolved external symbol _glfwPollEvents
main.obj : error LNK2001: unresolved external symbol _glfwInit
main.obj : error LNK2001: unresolved external symbol _glfwCreateWindow
main.obj : error LNK2001: unresolved external symbol _glfwWindowHint
main.obj : error LNK2001: unresolved external symbol _glfwMakeContextCurrent
main.obj : error LNK2001: unresolved external symbol _glfwDestroyWindow
main.obj : error LNK2001: unresolved external symbol _glfwWindowShouldClose
D:\Dev\gtxdank\GTXDankEngine\Release\GTXDankEngine.exe : fatal error LNK1120: 14 unresolved externals
